<?xml version="1.0" encoding="UTF-8"?>
<!-- Generated by org.testng.reporters.JUnitReportReporter -->
<testsuite hostname="Vishnu" failures="0" tests="1" name="RestAssuredByYoutube.RestAssuredByYoutube.Tests_Get" time="7.298" errors="0" timestamp="2021-06-09T16:45:33 IST" skipped="0">
  <testcase classname="RestAssuredByYoutube.RestAssuredByYoutube.Tests_Get" name="test" time="7.298"/>
  <system-out/>
</testsuite> <!-- RestAssuredByYoutube.RestAssuredByYoutube.Tests_Get -->
